\BOOKMARK [0][-]{section*.1}{\376\377\000T\000a\000b\000l\000e\000\040\000d\000e\000s\000\040\000f\000i\000g\000u\000r\000e\000s}{}% 1
\BOOKMARK [0][-]{section*.2}{\376\377\000L\000i\000s\000t\000e\000\040\000d\000e\000s\000\040\000t\000a\000b\000l\000e\000a\000u\000x}{}% 2
\BOOKMARK [0][-]{chapter*.3}{\376\377\000L\000i\000s\000t\000e\000\040\000d\000e\000s\000\040\000A\000c\000r\000o\000n\000y\000m\000e\000s\000\040\000e\000t\000\040\000A\000b\000r\000\351\000v\000i\000a\000t\000i\000o\000n\000s}{}% 3
\BOOKMARK [0][-]{chapter.1}{\376\377\0001\000\040\000I\000n\000t\000r\000o\000d\000u\000c\000t\000i\000o\000n\000\040\000G\000\351\000n\000\351\000r\000a\000l\000e}{}% 4
\BOOKMARK [1][-]{section.1.1}{\376\377\0001\000.\0001\000\040\000C\000o\000n\000t\000e\000x\000t\000e}{chapter.1}% 5
\BOOKMARK [2][-]{subsection.1.1.1}{\376\377\0001\000.\0001\000.\0001\000\040\000U\000t\000i\000l\000i\000s\000a\000t\000i\000o\000n\000\040\000d\000u\000\040\000g\000a\000z\000\040\000d\000o\000m\000e\000s\000t\000i\000q\000u\000e}{section.1.1}% 6
\BOOKMARK [2][-]{subsection.1.1.2}{\376\377\0001\000.\0001\000.\0002\000\040\000P\000r\000o\000b\000l\000\350\000m\000e\000s\000\040\000r\000\351\000e\000l\000s\000\040\000r\000e\000n\000c\000o\000n\000t\000r\000\351\000s}{section.1.1}% 7
\BOOKMARK [1][-]{section.1.2}{\376\377\0001\000.\0002\000\040\000P\000r\000o\000b\000l\000\351\000m\000a\000t\000i\000q\000u\000e}{chapter.1}% 8
\BOOKMARK [2][-]{subsection.1.2.1}{\376\377\0001\000.\0002\000.\0001\000\040\000F\000o\000r\000m\000u\000l\000a\000t\000i\000o\000n\000\040\000d\000u\000\040\000p\000r\000o\000b\000l\000\350\000m\000e}{section.1.2}% 9
\BOOKMARK [2][-]{subsection.1.2.2}{\376\377\0001\000.\0002\000.\0002\000\040\000L\000i\000m\000i\000t\000e\000s\000\040\000d\000e\000s\000\040\000s\000o\000l\000u\000t\000i\000o\000n\000s\000\040\000e\000x\000i\000s\000t\000a\000n\000t\000e\000s}{section.1.2}% 10
\BOOKMARK [2][-]{subsection.1.2.3}{\376\377\0001\000.\0002\000.\0003\000\040\000J\000u\000s\000t\000i\000f\000i\000c\000a\000t\000i\000o\000n\000\040\000d\000e\000\040\000l\000'\000a\000p\000p\000r\000o\000c\000h\000e\000\040\000u\000l\000t\000r\000a\000s\000o\000n\000o\000r\000e}{section.1.2}% 11
\BOOKMARK [1][-]{section.1.3}{\376\377\0001\000.\0003\000\040\000O\000b\000j\000e\000c\000t\000i\000f\000s\000\040\000d\000u\000\040\000P\000r\000o\000j\000e\000t}{chapter.1}% 12
\BOOKMARK [2][-]{subsection.1.3.1}{\376\377\0001\000.\0003\000.\0001\000\040\000O\000b\000j\000e\000c\000t\000i\000f\000\040\000g\000\351\000n\000\351\000r\000a\000l}{section.1.3}% 13
\BOOKMARK [2][-]{subsection.1.3.2}{\376\377\0001\000.\0003\000.\0002\000\040\000O\000b\000j\000e\000c\000t\000i\000f\000s\000\040\000s\000p\000\351\000c\000i\000f\000i\000q\000u\000e\000s}{section.1.3}% 14
\BOOKMARK [1][-]{section.1.4}{\376\377\0001\000.\0004\000\040\000M\000\351\000t\000h\000o\000d\000o\000l\000o\000g\000i\000e\000\040\000d\000e\000\040\000T\000r\000a\000v\000a\000i\000l}{chapter.1}% 15
\BOOKMARK [0][-]{chapter.2}{\376\377\0002\000\040\000A\000n\000a\000l\000y\000s\000e\000\040\000d\000u\000\040\000P\000r\000o\000j\000e\000t}{}% 16
\BOOKMARK [1][-]{section.2.1}{\376\377\0002\000.\0001\000\040\000\311\000t\000u\000d\000e\000\040\000d\000e\000s\000\040\000S\000o\000l\000u\000t\000i\000o\000n\000s\000\040\000E\000x\000i\000s\000t\000a\000n\000t\000e\000s}{chapter.2}% 17
\BOOKMARK [2][-]{subsection.2.1.1}{\376\377\0002\000.\0001\000.\0001\000\040\000M\000\351\000t\000h\000o\000d\000e\000s\000\040\000d\000e\000\040\000m\000e\000s\000u\000r\000e\000\040\000d\000e\000\040\000n\000i\000v\000e\000a\000u}{section.2.1}% 18
\BOOKMARK [2][-]{subsection.2.1.2}{\376\377\0002\000.\0001\000.\0002\000\040\000T\000a\000b\000l\000e\000a\000u\000\040\000c\000o\000m\000p\000a\000r\000a\000t\000i\000f\000\040\000d\000e\000s\000\040\000t\000e\000c\000h\000n\000o\000l\000o\000g\000i\000e\000s}{section.2.1}% 19
\BOOKMARK [2][-]{subsection.2.1.3}{\376\377\0002\000.\0001\000.\0003\000\040\000J\000u\000s\000t\000i\000f\000i\000c\000a\000t\000i\000o\000n\000\040\000d\000u\000\040\000c\000h\000o\000i\000x\000\040\000d\000e\000\040\000l\000a\000\040\000s\000o\000l\000u\000t\000i\000o\000n\000\040\000u\000l\000t\000r\000a\000s\000o\000n\000o\000r\000e}{section.2.1}% 20
\BOOKMARK [1][-]{section.2.2}{\376\377\0002\000.\0002\000\040\000A\000n\000a\000l\000y\000s\000e\000\040\000F\000o\000n\000c\000t\000i\000o\000n\000n\000e\000l\000l\000e\000\040\000G\000l\000o\000b\000a\000l\000e}{chapter.2}% 21
\BOOKMARK [2][-]{subsection.2.2.1}{\376\377\0002\000.\0002\000.\0001\000\040\000M\000o\000d\000\350\000l\000e\000\040\000g\000\351\000n\000\351\000r\000a\000l\000\040\000d\000u\000\040\000s\000y\000s\000t\000\350\000m\000e}{section.2.2}% 22
\BOOKMARK [2][-]{subsection.2.2.2}{\376\377\0002\000.\0002\000.\0002\000\040\000D\000i\000a\000g\000r\000a\000m\000m\000e\000\040\000d\000e\000\040\000c\000o\000n\000t\000e\000x\000t\000e}{section.2.2}% 23
\BOOKMARK [1][-]{section.2.3}{\376\377\0002\000.\0003\000\040\000A\000n\000a\000l\000y\000s\000e\000\040\000d\000e\000s\000\040\000B\000e\000s\000o\000i\000n\000s}{chapter.2}% 24
\BOOKMARK [2][-]{subsection.2.3.1}{\376\377\0002\000.\0003\000.\0001\000\040\000B\000e\000s\000o\000i\000n\000s\000\040\000f\000o\000n\000c\000t\000i\000o\000n\000n\000e\000l\000s}{section.2.3}% 25
\BOOKMARK [2][-]{subsection.2.3.2}{\376\377\0002\000.\0003\000.\0002\000\040\000B\000e\000s\000o\000i\000n\000s\000\040\000n\000o\000n\000\040\000f\000o\000n\000c\000t\000i\000o\000n\000n\000e\000l\000s}{section.2.3}% 26
\BOOKMARK [2][-]{subsection.2.3.3}{\376\377\0002\000.\0003\000.\0003\000\040\000S\000c\000\351\000n\000a\000r\000i\000o\000s\000\040\000d\000'\000u\000t\000i\000l\000i\000s\000a\000t\000i\000o\000n\000\040\000p\000r\000i\000n\000c\000i\000p\000a\000u\000x}{section.2.3}% 27
\BOOKMARK [1][-]{section.2.4}{\376\377\0002\000.\0004\000\040\000C\000o\000n\000t\000r\000a\000i\000n\000t\000e\000s\000\040\000d\000u\000\040\000p\000r\000o\000j\000e\000t}{chapter.2}% 28
\BOOKMARK [0][-]{chapter.3}{\376\377\0003\000\040\000C\000o\000n\000c\000e\000p\000t\000i\000o\000n\000\040\000d\000u\000\040\000S\000y\000s\000t\000\350\000m\000e\000\040\000G\000l\000o\000b\000a\000l}{}% 29
\BOOKMARK [1][-]{section.3.1}{\376\377\0003\000.\0001\000\040\000A\000r\000c\000h\000i\000t\000e\000c\000t\000u\000r\000e\000\040\000G\000\351\000n\000\351\000r\000a\000l\000e\000\040\000d\000u\000\040\000S\000y\000s\000t\000\350\000m\000e}{chapter.3}% 30
\BOOKMARK [2][-]{subsection.3.1.1}{\376\377\0003\000.\0001\000.\0001\000\040\000V\000u\000e\000\040\000d\000'\000e\000n\000s\000e\000m\000b\000l\000e}{section.3.1}% 31
\BOOKMARK [2][-]{subsection.3.1.2}{\376\377\0003\000.\0001\000.\0002\000\040\000D\000e\000s\000c\000r\000i\000p\000t\000i\000o\000n\000\040\000d\000e\000s\000\040\000d\000i\000s\000p\000o\000s\000i\000t\000i\000f\000s\000\040\000m\000a\000t\000\351\000r\000i\000e\000l\000s}{section.3.1}% 32
\BOOKMARK [2][-]{subsection.3.1.3}{\376\377\0003\000.\0001\000.\0003\000\040\000A\000r\000c\000h\000i\000t\000e\000c\000t\000u\000r\000e\000\040\000d\000e\000\040\000l\000'\000a\000p\000p\000l\000i\000c\000a\000t\000i\000o\000n\000\040\000w\000e\000b}{section.3.1}% 33
\BOOKMARK [2][-]{subsection.3.1.4}{\376\377\0003\000.\0001\000.\0004\000\040\000A\000r\000c\000h\000i\000t\000e\000c\000t\000u\000r\000e\000\040\000d\000u\000\040\000f\000r\000o\000n\000t\000e\000n\000d}{section.3.1}% 34
\BOOKMARK [2][-]{subsection.3.1.5}{\376\377\0003\000.\0001\000.\0005\000\040\000A\000r\000c\000h\000i\000t\000e\000c\000t\000u\000r\000e\000\040\000d\000u\000\040\000b\000a\000c\000k\000e\000n\000d}{section.3.1}% 35
\BOOKMARK [1][-]{section.3.2}{\376\377\0003\000.\0002\000\040\000C\000h\000o\000i\000x\000\040\000T\000e\000c\000h\000n\000o\000l\000o\000g\000i\000q\000u\000e\000s}{chapter.3}% 36
\BOOKMARK [2][-]{subsection.3.2.1}{\376\377\0003\000.\0002\000.\0001\000\040\000C\000h\000o\000i\000x\000\040\000d\000u\000\040\000m\000i\000c\000r\000o\000c\000o\000n\000t\000r\000\364\000l\000e\000u\000r\000\040\000:\000\040\000A\000r\000d\000u\000i\000n\000o\000\040\000N\000a\000n\000o}{section.3.2}% 37
\BOOKMARK [2][-]{subsection.3.2.2}{\376\377\0003\000.\0002\000.\0002\000\040\000C\000h\000o\000i\000x\000\040\000d\000u\000\040\000c\000a\000p\000t\000e\000u\000r\000s\000\040\000u\000l\000t\000r\000a\000s\000o\000n\000o\000r\000e\000s}{section.3.2}% 38
\BOOKMARK [2][-]{subsection.3.2.3}{\376\377\0003\000.\0002\000.\0003\000\040\000C\000h\000o\000i\000x\000\040\000d\000e\000\040\000l\000'\000\351\000c\000r\000a\000n\000\040\000:\000\040\000L\000C\000D\000\040\000I\0002\000C}{section.3.2}% 39
\BOOKMARK [2][-]{subsection.3.2.4}{\376\377\0003\000.\0002\000.\0004\000\040\000C\000h\000o\000i\000x\000\040\000d\000u\000\040\000m\000o\000d\000u\000l\000e\000\040\000d\000e\000\040\000c\000o\000m\000m\000u\000n\000i\000c\000a\000t\000i\000o\000n\000\040\000:\000\040\000L\000o\000R\000a}{section.3.2}% 40
\BOOKMARK [2][-]{subsection.3.2.5}{\376\377\0003\000.\0002\000.\0005\000\040\000C\000h\000o\000i\000x\000\040\000t\000e\000c\000h\000n\000o\000l\000o\000g\000i\000q\000u\000e\000s\000\040\000l\000o\000g\000i\000c\000i\000e\000l\000s}{section.3.2}% 41
\BOOKMARK [1][-]{section.3.3}{\376\377\0003\000.\0003\000\040\000P\000r\000i\000n\000c\000i\000p\000e\000\040\000d\000e\000\040\000c\000a\000l\000i\000b\000r\000a\000t\000i\000o\000n}{chapter.3}% 42
\BOOKMARK [2][-]{subsection.3.3.1}{\376\377\0003\000.\0003\000.\0001\000\040\000A\000m\000\351\000l\000i\000o\000r\000a\000t\000i\000o\000n\000s\000\040\000p\000o\000s\000s\000i\000b\000l\000e\000s\000\040\000\050\000\351\000v\000o\000l\000u\000t\000i\000o\000n\000s\000\040\000f\000u\000t\000u\000r\000e\000s\000\051}{section.3.3}% 43
\BOOKMARK [1][-]{section.3.4}{\376\377\0003\000.\0004\000\040\000G\000e\000s\000t\000i\000o\000n\000\040\000d\000e\000\040\000l\000'\000\351\000n\000e\000r\000g\000i\000e}{chapter.3}% 44
\BOOKMARK [2][-]{subsection.3.4.1}{\376\377\0003\000.\0004\000.\0001\000\040\000D\000i\000s\000p\000o\000s\000i\000t\000i\000f\000\040\000d\000e\000\040\000m\000e\000s\000u\000r\000e\000\040\000\050\000c\000a\000p\000t\000e\000u\000r\000\051}{section.3.4}% 45
\BOOKMARK [2][-]{subsection.3.4.2}{\376\377\0003\000.\0004\000.\0002\000\040\000D\000i\000s\000p\000o\000s\000i\000t\000i\000f\000\040\000d\000'\000a\000f\000f\000i\000c\000h\000a\000g\000e\000\040\000\050\000r\000\351\000c\000e\000p\000t\000e\000u\000r\000\051}{section.3.4}% 46
\BOOKMARK [2][-]{subsection.3.4.3}{\376\377\0003\000.\0004\000.\0003\000\040\000P\000a\000s\000s\000e\000r\000e\000l\000l\000e\000\040\000L\000o\000R\000a\000\040\000\050\000g\000a\000t\000e\000w\000a\000y\000\051}{section.3.4}% 47
\BOOKMARK [1][-]{section.3.5}{\376\377\0003\000.\0005\000\040\000S\000\351\000c\000u\000r\000i\000t\000\351\000\040\000d\000u\000\040\000s\000y\000s\000t\000\350\000m\000e}{chapter.3}% 48
\BOOKMARK [2][-]{subsection.3.5.1}{\376\377\0003\000.\0005\000.\0001\000\040\000S\000\351\000c\000u\000r\000i\000t\000\351\000\040\000\351\000l\000e\000c\000t\000r\000i\000q\000u\000e}{section.3.5}% 49
\BOOKMARK [2][-]{subsection.3.5.2}{\376\377\0003\000.\0005\000.\0002\000\040\000S\000\351\000c\000u\000r\000i\000t\000\351\000\040\000m\000\351\000c\000a\000n\000i\000q\000u\000e\000\040\000e\000t\000\040\000i\000n\000s\000t\000a\000l\000l\000a\000t\000i\000o\000n}{section.3.5}% 50
\BOOKMARK [2][-]{subsection.3.5.3}{\376\377\0003\000.\0005\000.\0003\000\040\000S\000\351\000c\000u\000r\000i\000t\000\351\000\040\000f\000o\000n\000c\000t\000i\000o\000n\000n\000e\000l\000l\000e}{section.3.5}% 51
\BOOKMARK [2][-]{subsection.3.5.4}{\376\377\0003\000.\0005\000.\0004\000\040\000S\000\351\000c\000u\000r\000i\000t\000\351\000\040\000d\000o\000n\000n\000\351\000e\000s\000\040\000e\000t\000\040\000v\000i\000e\000\040\000p\000r\000i\000v\000\351\000e}{section.3.5}% 52
\BOOKMARK [0][-]{chapter.4}{\376\377\0004\000\040\000C\000o\000n\000c\000e\000p\000t\000i\000o\000n\000\040\000e\000t\000\040\000R\000\351\000a\000l\000i\000s\000a\000t\000i\000o\000n\000\040\000d\000e\000\040\000l\000'\000A\000p\000p\000a\000r\000e\000i\000l}{}% 53
\BOOKMARK [1][-]{section.4.1}{\376\377\0004\000.\0001\000\040\000M\000o\000d\000u\000l\000e\000\040\000d\000e\000\040\000D\000\351\000t\000e\000c\000t\000i\000o\000n}{chapter.4}% 54
\BOOKMARK [2][-]{subsection.4.1.1}{\376\377\0004\000.\0001\000.\0001\000\040\000P\000r\000i\000n\000c\000i\000p\000e\000\040\000p\000h\000y\000s\000i\000q\000u\000e\000\040\000d\000e\000\040\000l\000a\000\040\000d\000\351\000t\000e\000c\000t\000i\000o\000n\000\040\000u\000l\000t\000r\000a\000s\000o\000n\000o\000r\000e}{section.4.1}% 55
\BOOKMARK [2][-]{subsection.4.1.2}{\376\377\0004\000.\0001\000.\0002\000\040\000M\000i\000s\000e\000\040\000e\000n\000\040\001\123\000u\000v\000r\000e\000\040\000d\000e\000s\000\040\000c\000a\000p\000t\000e\000u\000r\000s\000\040\000J\000S\000N\000-\000S\000R\0000\0004\000T}{section.4.1}% 56
\BOOKMARK [2][-]{subsection.4.1.3}{\376\377\0004\000.\0001\000.\0003\000\040\000C\000i\000r\000c\000u\000i\000t\000\040\000d\000e\000\040\000c\000o\000n\000d\000i\000t\000i\000o\000n\000n\000e\000m\000e\000n\000t\000\040\000d\000u\000\040\000s\000i\000g\000n\000a\000l}{section.4.1}% 57
\BOOKMARK [1][-]{section.4.2}{\376\377\0004\000.\0002\000\040\000M\000o\000d\000u\000l\000e\000\040\000d\000e\000\040\000T\000r\000a\000i\000t\000e\000m\000e\000n\000t}{chapter.4}% 58
\BOOKMARK [2][-]{subsection.4.2.1}{\376\377\0004\000.\0002\000.\0001\000\040\000C\000i\000r\000c\000u\000i\000t\000\040\000A\000r\000d\000u\000i\000n\000o\000\040\000U\000n\000o}{section.4.2}% 59
\BOOKMARK [2][-]{subsection.4.2.2}{\376\377\0004\000.\0002\000.\0002\000\040\000A\000l\000g\000o\000r\000i\000t\000h\000m\000e\000\040\000d\000e\000\040\000m\000e\000s\000u\000r\000e}{section.4.2}% 60
\BOOKMARK [2][-]{subsection.4.2.3}{\376\377\0004\000.\0002\000.\0003\000\040\000G\000e\000s\000t\000i\000o\000n\000\040\000d\000e\000\040\000l\000a\000\040\000m\000\351\000m\000o\000i\000r\000e\000\040\000E\000E\000P\000R\000O\000M}{section.4.2}% 61
\BOOKMARK [1][-]{section.4.3}{\376\377\0004\000.\0003\000\040\000M\000o\000d\000u\000l\000e\000\040\000d\000'\000A\000f\000f\000i\000c\000h\000a\000g\000e}{chapter.4}% 62
\BOOKMARK [2][-]{subsection.4.3.1}{\376\377\0004\000.\0003\000.\0001\000\040\000\311\000c\000r\000a\000n\000\040\000O\000L\000E\000D\000\040\000S\000S\000D\0001\0003\0000\0006}{section.4.3}% 63
\BOOKMARK [2][-]{subsection.4.3.2}{\376\377\0004\000.\0003\000.\0002\000\040\000I\000n\000d\000i\000c\000a\000t\000e\000u\000r\000s\000\040\000L\000E\000D}{section.4.3}% 64
\BOOKMARK [2][-]{subsection.4.3.3}{\376\377\0004\000.\0003\000.\0003\000\040\000A\000l\000a\000r\000m\000e\000\040\000s\000o\000n\000o\000r\000e}{section.4.3}% 65
\BOOKMARK [1][-]{section.4.4}{\376\377\0004\000.\0004\000\040\000M\000o\000d\000u\000l\000e\000\040\000d\000e\000\040\000C\000o\000m\000m\000u\000n\000i\000c\000a\000t\000i\000o\000n\000\040\000B\000L\000E}{chapter.4}% 66
\BOOKMARK [2][-]{subsection.4.4.1}{\376\377\0004\000.\0004\000.\0001\000\040\000C\000o\000n\000f\000i\000g\000u\000r\000a\000t\000i\000o\000n\000\040\000m\000o\000d\000u\000l\000e\000\040\000H\000M\000-\0001\0000}{section.4.4}% 67
\BOOKMARK [2][-]{subsection.4.4.2}{\376\377\0004\000.\0004\000.\0002\000\040\000I\000m\000p\000l\000\351\000m\000e\000n\000t\000a\000t\000i\000o\000n\000\040\000s\000e\000r\000v\000i\000c\000e\000s\000\040\000G\000A\000T\000T}{section.4.4}% 68
\BOOKMARK [1][-]{section.4.5}{\376\377\0004\000.\0005\000\040\000M\000o\000d\000u\000l\000e\000\040\000d\000'\000A\000l\000i\000m\000e\000n\000t\000a\000t\000i\000o\000n}{chapter.4}% 69
\BOOKMARK [2][-]{subsection.4.5.1}{\376\377\0004\000.\0005\000.\0001\000\040\000C\000i\000r\000c\000u\000i\000t\000\040\000d\000'\000a\000l\000i\000m\000e\000n\000t\000a\000t\000i\000o\000n}{section.4.5}% 70
\BOOKMARK [2][-]{subsection.4.5.2}{\376\377\0004\000.\0005\000.\0002\000\040\000G\000e\000s\000t\000i\000o\000n\000\040\000d\000e\000\040\000l\000a\000\040\000c\000h\000a\000r\000g\000e}{section.4.5}% 71
\BOOKMARK [1][-]{section.4.6}{\376\377\0004\000.\0006\000\040\000I\000n\000t\000\351\000g\000r\000a\000t\000i\000o\000n\000\040\000M\000\351\000c\000a\000n\000i\000q\000u\000e}{chapter.4}% 72
\BOOKMARK [2][-]{subsection.4.6.1}{\376\377\0004\000.\0006\000.\0001\000\040\000C\000o\000n\000c\000e\000p\000t\000i\000o\000n\000\040\000d\000u\000\040\000b\000o\000\356\000t\000i\000e\000r}{section.4.6}% 73
\BOOKMARK [2][-]{subsection.4.6.2}{\376\377\0004\000.\0006\000.\0002\000\040\000A\000s\000s\000e\000m\000b\000l\000a\000g\000e\000\040\000f\000i\000n\000a\000l}{section.4.6}% 74
\BOOKMARK [1][-]{section.4.7}{\376\377\0004\000.\0007\000\040\000C\000o\000n\000c\000l\000u\000s\000i\000o\000n\000\040\000d\000u\000\040\000C\000h\000a\000p\000i\000t\000r\000e}{chapter.4}% 75
\BOOKMARK [0][-]{chapter.5}{\376\377\0005\000\040\000D\000\351\000v\000e\000l\000o\000p\000p\000e\000m\000e\000n\000t\000\040\000d\000e\000\040\000l\000'\000A\000p\000p\000l\000i\000c\000a\000t\000i\000o\000n\000\040\000W\000e\000b}{}% 76
\BOOKMARK [1][-]{section.5.1}{\376\377\0005\000.\0001\000\040\000M\000o\000d\000\350\000l\000e\000\040\000d\000e\000\040\000d\000o\000n\000n\000\351\000e\000s}{chapter.5}% 77
\BOOKMARK [2][-]{subsection.5.1.1}{\376\377\0005\000.\0001\000.\0001\000\040\000V\000u\000e\000\040\000d\040\031\000e\000n\000s\000e\000m\000b\000l\000e\000\040\000d\000u\000\040\000m\000o\000d\000\350\000l\000e}{section.5.1}% 78
\BOOKMARK [2][-]{subsection.5.1.2}{\376\377\0005\000.\0001\000.\0002\000\040\000D\000e\000s\000c\000r\000i\000p\000t\000i\000o\000n\000\040\000d\000e\000s\000\040\000c\000l\000a\000s\000s\000e\000s}{section.5.1}% 79
\BOOKMARK [2][-]{subsection.5.1.3}{\376\377\0005\000.\0001\000.\0003\000\040\000R\000e\000l\000a\000t\000i\000o\000n\000s\000\040\000e\000n\000t\000r\000e\000\040\000l\000e\000s\000\040\000c\000l\000a\000s\000s\000e\000s}{section.5.1}% 80
\BOOKMARK [1][-]{section.5.2}{\376\377\0005\000.\0002\000\040\000A\000n\000a\000l\000y\000s\000e\000\040\000F\000o\000n\000c\000t\000i\000o\000n\000n\000e\000l\000l\000e\000\040\000d\000e\000\040\000l\000'\000A\000p\000p\000l\000i\000c\000a\000t\000i\000o\000n}{chapter.5}% 81
\BOOKMARK [2][-]{subsection.5.2.1}{\376\377\0005\000.\0002\000.\0001\000\040\000C\000a\000s\000\040\000d\000'\000u\000t\000i\000l\000i\000s\000a\000t\000i\000o\000n}{section.5.2}% 82
\BOOKMARK [2][-]{subsection.5.2.2}{\376\377\0005\000.\0002\000.\0002\000\040\000S\000y\000n\000t\000h\000\350\000s\000e\000\040\000d\000e\000s\000\040\000c\000a\000s\000\040\000d\040\031\000u\000t\000i\000l\000i\000s\000a\000t\000i\000o\000n}{section.5.2}% 83
\BOOKMARK [1][-]{section.5.3}{\376\377\0005\000.\0003\000\040\000P\000a\000r\000c\000o\000u\000r\000s\000\040\000U\000t\000i\000l\000i\000s\000a\000t\000e\000u\000r}{chapter.5}% 84
\BOOKMARK [2][-]{subsection.5.3.1}{\376\377\0005\000.\0003\000.\0001\000\040\000P\000r\000i\000n\000c\000i\000p\000e\000s\000\040\000g\000\351\000n\000\351\000r\000a\000u\000x\000\040\000d\000u\000\040\000p\000a\000r\000c\000o\000u\000r\000s}{section.5.3}% 85
\BOOKMARK [2][-]{subsection.5.3.2}{\376\377\0005\000.\0003\000.\0002\000\040\000P\000a\000r\000c\000o\000u\000r\000s\000\040\000:\000\040\000C\000o\000n\000s\000u\000l\000t\000a\000t\000i\000o\000n\000\040\000d\000u\000\040\000n\000i\000v\000e\000a\000u\000\040\000d\000e\000\040\000g\000a\000z}{section.5.3}% 86
\BOOKMARK [2][-]{subsection.5.3.3}{\376\377\0005\000.\0003\000.\0003\000\040\000P\000a\000r\000c\000o\000u\000r\000s\000\040\000:\000\040\000C\000o\000n\000s\000u\000l\000t\000a\000t\000i\000o\000n\000\040\000d\000e\000\040\000l\040\031\000h\000i\000s\000t\000o\000r\000i\000q\000u\000e\000\040\000d\000e\000\040\000c\000o\000n\000s\000o\000m\000m\000a\000t\000i\000o\000n}{section.5.3}% 87
\BOOKMARK [2][-]{subsection.5.3.4}{\376\377\0005\000.\0003\000.\0004\000\040\000P\000a\000r\000c\000o\000u\000r\000s\000\040\000:\000\040\000A\000f\000f\000i\000c\000h\000a\000g\000e\000\040\000d\000e\000\040\000l\000a\000\040\000p\000r\000\351\000d\000i\000c\000t\000i\000o\000n\000\040\000d\000e\000\040\000c\000o\000n\000s\000o\000m\000m\000a\000t\000i\000o\000n}{section.5.3}% 88
\BOOKMARK [2][-]{subsection.5.3.5}{\376\377\0005\000.\0003\000.\0005\000\040\000S\000y\000n\000t\000h\000\350\000s\000e\000\040\000d\000u\000\040\000p\000a\000r\000c\000o\000u\000r\000s\000\040\000u\000t\000i\000l\000i\000s\000a\000t\000e\000u\000r}{section.5.3}% 89
\BOOKMARK [1][-]{section.5.4}{\376\377\0005\000.\0004\000\040\000I\000n\000t\000e\000r\000f\000a\000c\000e\000s\000\040\000U\000t\000i\000l\000i\000s\000a\000t\000e\000u\000r}{chapter.5}% 90
\BOOKMARK [0][-]{chapter.6}{\376\377\0006\000\040\000T\000e\000s\000t\000s\000\040\000e\000t\000\040\000V\000a\000l\000i\000d\000a\000t\000i\000o\000n}{}% 91
\BOOKMARK [1][-]{section.6.1}{\376\377\0006\000.\0001\000\040\000S\000t\000r\000a\000t\000\351\000g\000i\000e\000\040\000d\000e\000\040\000T\000e\000s\000t}{chapter.6}% 92
\BOOKMARK [1][-]{section.6.2}{\376\377\0006\000.\0002\000\040\000T\000e\000s\000t\000s\000\040\000d\000e\000s\000\040\000D\000i\000s\000p\000o\000s\000i\000t\000i\000f\000s\000\040\000M\000a\000t\000\351\000r\000i\000e\000l\000s}{chapter.6}% 93
\BOOKMARK [2][-]{subsection.6.2.1}{\376\377\0006\000.\0002\000.\0001\000\040\000T\000e\000s\000t\000s\000\040\000d\000u\000\040\000d\000i\000s\000p\000o\000s\000i\000t\000i\000f\000\040\000d\000e\000\040\000m\000e\000s\000u\000r\000e\000\040\000\050\000c\000a\000p\000t\000e\000u\000r\000\051}{section.6.2}% 94
\BOOKMARK [2][-]{subsection.6.2.2}{\376\377\0006\000.\0002\000.\0002\000\040\000T\000e\000s\000t\000s\000\040\000d\000u\000\040\000d\000i\000s\000p\000o\000s\000i\000t\000i\000f\000\040\000d\000'\000a\000f\000f\000i\000c\000h\000a\000g\000e\000\040\000\050\000r\000\351\000c\000e\000p\000t\000e\000u\000r\000\051}{section.6.2}% 95
\BOOKMARK [2][-]{subsection.6.2.3}{\376\377\0006\000.\0002\000.\0003\000\040\000T\000e\000s\000t\000s\000\040\000d\000e\000\040\000l\000a\000\040\000p\000a\000s\000s\000e\000r\000e\000l\000l\000e\000\040\000L\000o\000R\000a\000\040\000\050\000o\000p\000t\000i\000o\000n\000n\000e\000l\000l\000e\000\051}{section.6.2}% 96
\BOOKMARK [1][-]{section.6.3}{\376\377\0006\000.\0003\000\040\000T\000e\000s\000t\000s\000\040\000d\000e\000\040\000C\000o\000m\000m\000u\000n\000i\000c\000a\000t\000i\000o\000n\000\040\000L\000o\000R\000a}{chapter.6}% 97
\BOOKMARK [2][-]{subsection.6.3.1}{\376\377\0006\000.\0003\000.\0001\000\040\000T\000e\000s\000t\000\040\000d\000e\000\040\000p\000o\000r\000t\000\351\000e\000\040\000e\000n\000\040\000l\000i\000g\000n\000e\000\040\000d\000e\000\040\000v\000u\000e}{section.6.3}% 98
\BOOKMARK [2][-]{subsection.6.3.2}{\376\377\0006\000.\0003\000.\0002\000\040\000T\000e\000s\000t\000\040\000d\000e\000\040\000p\000o\000r\000t\000\351\000e\000\040\000e\000n\000\040\000m\000i\000l\000i\000e\000u\000\040\000u\000r\000b\000a\000i\000n\000\040\000a\000v\000e\000c\000\040\000o\000b\000s\000t\000a\000c\000l\000e\000s}{section.6.3}% 99
\BOOKMARK [2][-]{subsection.6.3.3}{\376\377\0006\000.\0003\000.\0003\000\040\000T\000e\000s\000t\000\040\000d\000e\000\040\000f\000i\000a\000b\000i\000l\000i\000t\000\351\000\040\000e\000t\000\040\000r\000o\000b\000u\000s\000t\000e\000s\000s\000e}{section.6.3}% 100
\BOOKMARK [1][-]{section.6.4}{\376\377\0006\000.\0004\000\040\000T\000e\000s\000t\000s\000\040\000L\000o\000g\000i\000c\000i\000e\000l\000s}{chapter.6}% 101
\BOOKMARK [2][-]{subsection.6.4.1}{\376\377\0006\000.\0004\000.\0001\000\040\000T\000e\000s\000t\000s\000\040\000f\000i\000r\000m\000w\000a\000r\000e\000\040\000A\000r\000d\000u\000i\000n\000o\000\040\000\050\000c\000a\000p\000t\000e\000u\000r\000\040\000+\000\040\000a\000f\000f\000i\000c\000h\000e\000u\000r\000\051}{section.6.4}% 102
\BOOKMARK [2][-]{subsection.6.4.2}{\376\377\0006\000.\0004\000.\0002\000\040\000T\000e\000s\000t\000s\000\040\000d\000e\000\040\000l\000'\000a\000p\000p\000l\000i\000c\000a\000t\000i\000o\000n\000\040\000w\000e\000b}{section.6.4}% 103
\BOOKMARK [1][-]{section.6.5}{\376\377\0006\000.\0005\000\040\000T\000e\000s\000t\000s\000\040\000d\000'\000I\000n\000t\000\351\000g\000r\000a\000t\000i\000o\000n\000\040\000S\000y\000s\000t\000\350\000m\000e\000\040\000C\000o\000m\000p\000l\000e\000t}{chapter.6}% 104
\BOOKMARK [2][-]{subsection.6.5.1}{\376\377\0006\000.\0005\000.\0001\000\040\000T\000e\000s\000t\000\040\000a\000u\000t\000o\000n\000o\000m\000i\000e\000\040\000b\000a\000t\000t\000e\000r\000i\000e\000\040\000e\000n\000\040\000c\000o\000n\000d\000i\000t\000i\000o\000n\000s\000\040\000r\000\351\000e\000l\000l\000e\000s}{section.6.5}% 105
\BOOKMARK [2][-]{subsection.6.5.2}{\376\377\0006\000.\0005\000.\0002\000\040\000V\000a\000l\000i\000d\000a\000t\000i\000o\000n\000\040\000g\000l\000o\000b\000a\000l\000e\000\040\000d\000u\000\040\000s\000y\000s\000t\000\350\000m\000e}{section.6.5}% 106
\BOOKMARK [1][-]{section.6.6}{\376\377\0006\000.\0006\000\040\000D\000\351\000p\000l\000o\000i\000e\000m\000e\000n\000t\000\040\000e\000t\000\040\000D\000o\000c\000u\000m\000e\000n\000t\000a\000t\000i\000o\000n}{chapter.6}% 107
\BOOKMARK [2][-]{subsection.6.6.1}{\376\377\0006\000.\0006\000.\0001\000\040\000D\000o\000c\000u\000m\000e\000n\000t\000a\000t\000i\000o\000n\000\040\000l\000i\000v\000r\000\351\000e}{section.6.6}% 108
\BOOKMARK [2][-]{subsection.6.6.2}{\376\377\0006\000.\0006\000.\0002\000\040\000C\000o\000d\000e\000\040\000s\000o\000u\000r\000c\000e\000\040\000e\000t\000\040\000r\000\351\000u\000t\000i\000l\000i\000s\000a\000b\000i\000l\000i\000t\000\351}{section.6.6}% 109
\BOOKMARK [1][-]{section.6.7}{\376\377\0006\000.\0007\000\040\000G\000a\000l\000l\000e\000r\000i\000e\000\040\000d\000e\000s\000\040\000t\000e\000s\000t\000s}{chapter.6}% 110
\BOOKMARK [0][-]{chapter.7}{\376\377\0007\000\040\000D\000i\000f\000f\000i\000c\000u\000l\000t\000\351\000s\000\040\000R\000e\000n\000c\000o\000n\000t\000r\000\351\000e\000s\000\040\000e\000t\000\040\000S\000o\000l\000u\000t\000i\000o\000n\000s}{}% 111
\BOOKMARK [1][-]{section.7.1}{\376\377\0007\000.\0001\000\040\000D\000i\000f\000f\000i\000c\000u\000l\000t\000\351\000s\000\040\000M\000a\000t\000\351\000r\000i\000e\000l\000l\000e\000s}{chapter.7}% 112
\BOOKMARK [2][-]{subsection.7.1.1}{\376\377\0007\000.\0001\000.\0001\000\040\000D\000i\000f\000f\000i\000c\000u\000l\000t\000\351\000\040\000d\040\031\000a\000c\000q\000u\000i\000s\000i\000t\000i\000o\000n\000\040\000d\000u\000\040\000m\000a\000t\000\351\000r\000i\000e\000l}{section.7.1}% 113
\BOOKMARK [2][-]{subsection.7.1.2}{\376\377\0007\000.\0001\000.\0002\000\040\000C\000o\000n\000t\000r\000a\000i\000n\000t\000e\000s\000\040\000f\000i\000n\000a\000n\000c\000i\000\350\000r\000e\000s}{section.7.1}% 114
\BOOKMARK [2][-]{subsection.7.1.3}{\376\377\0007\000.\0001\000.\0003\000\040\000D\000i\000s\000p\000o\000n\000i\000b\000i\000l\000i\000t\000\351\000\040\000d\000e\000s\000\040\000b\000o\000u\000t\000e\000i\000l\000l\000e\000s\000\040\000d\000e\000\040\000g\000a\000z\000\040\000p\000o\000u\000r\000\040\000l\000e\000s\000\040\000t\000e\000s\000t\000s}{section.7.1}% 115
\BOOKMARK [1][-]{section.7.2}{\376\377\0007\000.\0002\000\040\000D\000i\000f\000f\000i\000c\000u\000l\000t\000\351\000s\000\040\000L\000o\000g\000i\000c\000i\000e\000l\000l\000e\000s}{chapter.7}% 116
\BOOKMARK [2][-]{subsection.7.2.1}{\376\377\0007\000.\0002\000.\0001\000\040\000C\000o\000u\000r\000b\000e\000\040\000d\040\031\000a\000p\000p\000r\000e\000n\000t\000i\000s\000s\000a\000g\000e\000\040\000d\000e\000\040\000R\000e\000a\000c\000t\000.\000J\000S}{section.7.2}% 117
\BOOKMARK [2][-]{subsection.7.2.2}{\376\377\0007\000.\0002\000.\0002\000\040\000D\000\351\000p\000l\000o\000i\000e\000m\000e\000n\000t\000\040\000d\000u\000\040\000b\000a\000c\000k\000e\000n\000d}{section.7.2}% 118
\BOOKMARK [1][-]{section.7.3}{\376\377\0007\000.\0003\000\040\000D\000i\000f\000f\000i\000c\000u\000l\000t\000\351\000s\000\040\000d\040\031\000I\000n\000t\000\351\000g\000r\000a\000t\000i\000o\000n}{chapter.7}% 119
\BOOKMARK [1][-]{section.7.4}{\376\377\0007\000.\0004\000\040\000L\000e\000\347\000o\000n\000s\000\040\000A\000p\000p\000r\000i\000s\000e\000s}{chapter.7}% 120
\BOOKMARK [0][-]{chapter.8}{\376\377\0008\000\040\000L\000i\000m\000i\000t\000e\000s\000\040\000e\000t\000\040\000P\000e\000r\000s\000p\000e\000c\000t\000i\000v\000e\000s\000\040\000d\000'\000\311\000v\000o\000l\000u\000t\000i\000o\000n}{}% 121
\BOOKMARK [1][-]{section.8.1}{\376\377\0008\000.\0001\000\040\000L\000i\000m\000i\000t\000e\000s\000\040\000A\000c\000t\000u\000e\000l\000l\000e\000s}{chapter.8}% 122
\BOOKMARK [2][-]{subsection.8.1.1}{\376\377\0008\000.\0001\000.\0001\000\040\000L\000i\000m\000i\000t\000e\000s\000\040\000m\000a\000t\000\351\000r\000i\000e\000l\000l\000e\000s}{section.8.1}% 123
\BOOKMARK [2][-]{subsection.8.1.2}{\376\377\0008\000.\0001\000.\0002\000\040\000L\000i\000m\000i\000t\000e\000s\000\040\000l\000o\000g\000i\000c\000i\000e\000l\000l\000e\000s}{section.8.1}% 124
\BOOKMARK [1][-]{section.8.2}{\376\377\0008\000.\0002\000\040\000A\000m\000\351\000l\000i\000o\000r\000a\000t\000i\000o\000n\000s\000\040\000M\000a\000t\000\351\000r\000i\000e\000l\000l\000e\000s}{chapter.8}% 125
\BOOKMARK [1][-]{section.8.3}{\376\377\0008\000.\0003\000\040\000A\000m\000\351\000l\000i\000o\000r\000a\000t\000i\000o\000n\000s\000\040\000L\000o\000g\000i\000c\000i\000e\000l\000l\000e\000s}{chapter.8}% 126
\BOOKMARK [1][-]{section.8.4}{\376\377\0008\000.\0004\000\040\000\311\000v\000o\000l\000u\000t\000i\000o\000n\000\040\000v\000e\000r\000s\000\040\000u\000n\000e\000\040\000S\000o\000l\000u\000t\000i\000o\000n\000\040\000C\000o\000m\000m\000e\000r\000c\000i\000a\000l\000e}{chapter.8}% 127
\BOOKMARK [2][-]{subsection.8.4.1}{\376\377\0008\000.\0004\000.\0001\000\040\000\311\000t\000a\000p\000e\000s\000\040\000e\000n\000v\000i\000s\000a\000g\000\351\000e\000s}{section.8.4}% 128
\BOOKMARK [2][-]{subsection.8.4.2}{\376\377\0008\000.\0004\000.\0002\000\040\000V\000i\000s\000i\000o\000n\000\040\000\340\000\040\000l\000o\000n\000g\000\040\000t\000e\000r\000m\000e}{section.8.4}% 129
\BOOKMARK [0][-]{chapter.9}{\376\377\0009\000\040\000C\000o\000n\000c\000l\000u\000s\000i\000o\000n\000\040\000G\000\351\000n\000\351\000r\000a\000l\000e}{}% 130
\BOOKMARK [1][-]{section.9.1}{\376\377\0009\000.\0001\000\040\000S\000y\000n\000t\000h\000\350\000s\000e\000\040\000d\000u\000\040\000T\000r\000a\000v\000a\000i\000l\000\040\000R\000\351\000a\000l\000i\000s\000\351}{chapter.9}% 131
\BOOKMARK [1][-]{section.9.2}{\376\377\0009\000.\0002\000\040\000A\000t\000t\000e\000i\000n\000t\000e\000\040\000d\000e\000s\000\040\000O\000b\000j\000e\000c\000t\000i\000f\000s}{chapter.9}% 132
\BOOKMARK [1][-]{section.9.3}{\376\377\0009\000.\0003\000\040\000A\000p\000p\000o\000r\000t\000s\000\040\000P\000e\000r\000s\000o\000n\000n\000e\000l\000s\000\040\000e\000t\000\040\000C\000o\000m\000p\000\351\000t\000e\000n\000c\000e\000s\000\040\000A\000c\000q\000u\000i\000s\000e\000s}{chapter.9}% 133
\BOOKMARK [1][-]{section.9.4}{\376\377\0009\000.\0004\000\040\000P\000e\000r\000s\000p\000e\000c\000t\000i\000v\000e\000s}{chapter.9}% 134
\BOOKMARK [0][-]{chapter*.111}{\376\377\000R\000\351\000f\000e\000r\000e\000n\000c\000e\000s}{}% 135
